<?xml version="1.0" encoding="UTF-8"?>
<!-- Generated by org.testng.reporters.JUnitReportReporter -->
<testsuite hostname="LP-213763989" failures="0" tests="1" name="TestCases.LoginApplication" time="24.538" errors="0" timestamp="2021-12-28T20:41:37 IST" skipped="0">
  <testcase classname="TestCases.LoginApplication" name="Amazon" time="24.538"/>
  <system-out/>
</testsuite> <!-- TestCases.LoginApplication -->
